<?xml version="1.0" encoding="UTF-8"?>
<testng-results skipped="0" failed="0" total="1" passed="1">
  <reporter-output>
  </reporter-output>
  <suite name="Default suite" duration-ms="33036" started-at="2021-03-18T04:04:43Z" finished-at="2021-03-18T04:05:16Z">
    <groups>
    </groups>
    <test name="Default test" duration-ms="33036" started-at="2021-03-18T04:04:43Z" finished-at="2021-03-18T04:05:16Z">
      <class name="Tests.searchname_test">
        <test-method status="PASS" signature="setup()[pri:0, instance:Tests.searchname_test@143640d5]" name="setup" is-config="true" duration-ms="23443" started-at="2021-03-18T10:04:43Z" finished-at="2021-03-18T10:05:06Z">
          <reporter-output>
          </reporter-output>
        </test-method> <!-- setup -->
        <test-method status="PASS" signature="Sum1intest1()[pri:1, instance:Tests.searchname_test@143640d5]" name="Sum1intest1" duration-ms="9582" started-at="2021-03-18T10:05:06Z" finished-at="2021-03-18T10:05:16Z">
          <reporter-output>
          </reporter-output>
        </test-method> <!-- Sum1intest1 -->
        <test-method status="PASS" signature="teardown()[pri:0, instance:Tests.searchname_test@143640d5]" name="teardown" is-config="true" duration-ms="1185" started-at="2021-03-18T10:05:21Z" finished-at="2021-03-18T10:05:22Z">
          <reporter-output>
          </reporter-output>
        </test-method> <!-- teardown -->
      </class> <!-- Tests.searchname_test -->
    </test> <!-- Default test -->
  </suite> <!-- Default suite -->
</testng-results>
