<?xml version="1.0" encoding="UTF-8"?>
<testng-results skipped="0" failed="0" total="1" passed="1">
  <reporter-output>
  </reporter-output>
  <suite name="Default suite" duration-ms="23011" started-at="2021-03-18T06:01:36Z" finished-at="2021-03-18T06:01:59Z">
    <groups>
    </groups>
    <test name="Default test" duration-ms="23011" started-at="2021-03-18T06:01:36Z" finished-at="2021-03-18T06:01:59Z">
      <class name="Tests.searchname_test">
        <test-method status="PASS" signature="setup()[pri:0, instance:Tests.searchname_test@143640d5]" name="setup" is-config="true" duration-ms="13821" started-at="2021-03-18T12:01:36Z" finished-at="2021-03-18T12:01:50Z">
          <reporter-output>
          </reporter-output>
        </test-method> <!-- setup -->
        <test-method status="PASS" signature="Sum1intest1()[pri:1, instance:Tests.searchname_test@143640d5]" name="Sum1intest1" duration-ms="9179" started-at="2021-03-18T12:01:50Z" finished-at="2021-03-18T12:01:59Z">
          <reporter-output>
          </reporter-output>
        </test-method> <!-- Sum1intest1 -->
        <test-method status="PASS" signature="teardown()[pri:0, instance:Tests.searchname_test@143640d5]" name="teardown" is-config="true" duration-ms="1135" started-at="2021-03-18T12:02:04Z" finished-at="2021-03-18T12:02:05Z">
          <reporter-output>
          </reporter-output>
        </test-method> <!-- teardown -->
      </class> <!-- Tests.searchname_test -->
    </test> <!-- Default test -->
  </suite> <!-- Default suite -->
</testng-results>
